<?xml version="1.0" encoding="UTF-8"?>
<testsuite xmlns:xsi="http://www.w3.org/2001/XMLSchema-instance" xsi:noNamespaceSchemaLocation="https://maven.apache.org/surefire/maven-surefire-plugin/xsd/surefire-test-report-3.0.xsd" version="3.0" name="com.tournament.controller.GameControllerClassicTest" time="1.782" tests="1" errors="0" skipped="0" failures="0">
  <properties>
[...]
</properties>
  <testcase name="testCreateGameClassic" classname="com.tournament.controller.GameControllerClassicTest" time="0.007">
    <system-out><![CDATA[2025-10-29T19:24:42.181Z  INFO 34712 --- [           main] t.c.s.AnnotationConfigContextLoaderUtils : Could not detect default configuration classes for test class [com.tournament.controller.GameControllerClassicTest]: GameControllerClassicTest does not declare any static, non-private, non-final, nested classes annotated with @Configuration.
2025-10-29T19:24:42.202Z  INFO 34712 --- [           main] .b.t.c.SpringBootTestContextBootstrapper : Found @SpringBootConfiguration com.tournament.OnlineTournamentSystemApplication for test class com.tournament.controller.GameControllerClassicTest

  .   ____          _            __ _ _
 /\\ / ___'_ __ _ _(_)_ __  __ _ \ \ \ \
( ( )\___ | '_ | '_| | '_ \/ _` | \ \ \ \
 \\/  ___)| |_)| | | | | || (_| |  ) ) ) )
  '  |____| .__|_| |_|_| |_\__, | / / / /
 =========|_|==============|___/=/_/_/_/
 :: Spring Boot ::                (v3.1.5)

2025-10-29T19:24:42.236Z  INFO 34712 --- [           main] c.t.c.GameControllerClassicTest          : Starting GameControllerClassicTest using Java 17.0.16 with PID 34712 (started by ASUS in C:\Users\ASUS\Desktop\MEI-SGJI\QSOFT\Trabalho\QSOFT20252026_502\Part1\project)
2025-10-29T19:24:42.236Z DEBUG 34712 --- [           main] c.t.c.GameControllerClassicTest          : Running with Spring Boot v3.1.5, Spring v6.0.13
2025-10-29T19:24:42.236Z  INFO 34712 --- [           main] c.t.c.GameControllerClassicTest          : No active profile set, falling back to 1 default profile: "default"
2025-10-29T19:24:42.525Z  INFO 34712 --- [           main] .s.d.r.c.RepositoryConfigurationDelegate : Bootstrapping Spring Data JPA repositories in DEFAULT mode.
2025-10-29T19:24:42.547Z  INFO 34712 --- [           main] .s.d.r.c.RepositoryConfigurationDelegate : Finished Spring Data repository scanning in 22 ms. Found 5 JPA repository interfaces.
2025-10-29T19:24:42.679Z  INFO 34712 --- [           main] o.hibernate.jpa.internal.util.LogHelper  : HHH000204: Processing PersistenceUnitInfo [name: default]
2025-10-29T19:24:42.689Z  INFO 34712 --- [           main] o.s.o.j.p.SpringPersistenceUnitInfo      : No LoadTimeWeaver setup: ignoring JPA class transformer
2025-10-29T19:24:42.691Z  INFO 34712 --- [           main] com.zaxxer.hikari.HikariDataSource       : HikariPool-2 - Starting...
2025-10-29T19:24:42.692Z  INFO 34712 --- [           main] com.zaxxer.hikari.pool.HikariPool        : HikariPool-2 - Added connection conn10: url=jdbc:h2:mem:tournament_db user=SA
2025-10-29T19:24:42.693Z  INFO 34712 --- [           main] com.zaxxer.hikari.HikariDataSource       : HikariPool-2 - Start completed.
2025-10-29T19:24:42.693Z  WARN 34712 --- [           main] org.hibernate.orm.deprecation            : HHH90000025: H2Dialect does not need to be specified explicitly using 'hibernate.dialect' (remove the property setting and it will be selected by default)
2025-10-29T19:24:42.829Z  INFO 34712 --- [           main] o.h.e.t.j.p.i.JtaPlatformInitiator       : HHH000489: No JTA platform available (set 'hibernate.transaction.jta.platform' to enable JTA platform integration)
Hibernate: 
    drop table if exists games cascade 
Hibernate: 
    drop table if exists matches cascade 
Hibernate: 
    drop table if exists participations cascade 
Hibernate: 
    drop table if exists tournaments cascade 
Hibernate: 
    drop table if exists users cascade 
Hibernate: 
    create table games (
        id bigint generated by default as identity,
        genre varchar(255) not null,
        platform varchar(255) not null check (platform in ('PC','CONSOLE','MOBILE','WEB','CROSS_PLATFORM','VR')),
        public_id varchar(255) not null unique,
        title varchar(255) not null,
        primary key (id),
        constraint UKl8g54i6vux8laper0rlx0ifk2 unique (title, platform)
    )
Hibernate: 
    create table matches (
        round integer not null,
        id bigint generated by default as identity,
        player1_id bigint not null,
        player2_id bigint not null,
        tournament_id bigint not null,
        public_id varchar(255) not null unique,
        result varchar(255) not null check (result in ('PLAYER1_WIN','PLAYER2_WIN','DRAW','PENDING')),
        primary key (id)
    )
Hibernate: 
    create table participations (
        score integer not null,
        id bigint generated by default as identity,
        join_date timestamp(6) not null,
        player_id bigint not null,
        tournament_id bigint not null,
        public_id varchar(255) not null unique,
        primary key (id)
    )
Hibernate: 
    create table tournaments (
        current_players integer not null,
        max_players integer not null check (max_players>=2),
        game_id bigint not null,
        id bigint generated by default as identity,
        organizer_id bigint not null,
        name varchar(255) not null,
        public_id varchar(255) not null unique,
        primary key (id)
    )
Hibernate: 
    create table users (
        ranking integer not null,
        id bigint generated by default as identity,
        password varchar(255) not null,
        public_id varchar(255) not null unique,
        role varchar(255) not null check (role in ('ADMIN','PLAYER','ORGANIZER')),
        username varchar(255) not null unique,
        primary key (id)
    )
Hibernate: 
    alter table if exists matches 
       add constraint FK399aa3d3u7tilrrvtuj396nuj 
       foreign key (player1_id) 
       references users
Hibernate: 
    alter table if exists matches 
       add constraint FKf9p2o4y87q9pjb8dgn34np8wk 
       foreign key (player2_id) 
       references users
Hibernate: 
    alter table if exists matches 
       add constraint FKeeniokyjgo5k6rmhjujatn27i 
       foreign key (tournament_id) 
       references tournaments
Hibernate: 
    alter table if exists participations 
       add constraint FKbqqeejbpk12n7vifiscn6x75p 
       foreign key (player_id) 
       references users
Hibernate: 
    alter table if exists participations 
       add constraint FK4519dgs22xtvemqt88wyget48 
       foreign key (tournament_id) 
       references tournaments
Hibernate: 
    alter table if exists tournaments 
       add constraint FKk8huhgsk5r59hdsg8y9ek3df8 
       foreign key (game_id) 
       references games
Hibernate: 
    alter table if exists tournaments 
       add constraint FKldomk1ulxposrstb2hfo7gfal 
       foreign key (organizer_id) 
       references users
2025-10-29T19:24:42.847Z  INFO 34712 --- [           main] j.LocalContainerEntityManagerFactoryBean : Initialized JPA EntityManagerFactory for persistence unit 'default'
2025-10-29T19:24:43.098Z  WARN 34712 --- [           main] JpaBaseConfiguration$JpaWebConfiguration : spring.jpa.open-in-view is enabled by default. Therefore, database queries may be performed during view rendering. Explicitly configure spring.jpa.open-in-view to disable this warning
2025-10-29T19:24:43.119Z  INFO 34712 --- [           main] o.s.s.web.DefaultSecurityFilterChain     : Will secure any request with [org.springframework.security.web.session.DisableEncodeUrlFilter@2583418c, org.springframework.security.web.context.request.async.WebAsyncManagerIntegrationFilter@11fe6743, org.springframework.security.web.context.SecurityContextHolderFilter@3cfd9459, org.springframework.security.web.header.HeaderWriterFilter@77e467d9, org.springframework.security.web.authentication.logout.LogoutFilter@1e954b94, com.tournament.security.JwtAuthenticationFilter@773bfe56, org.springframework.security.web.savedrequest.RequestCacheAwareFilter@18bc2d32, org.springframework.security.web.servletapi.SecurityContextHolderAwareRequestFilter@4cb25b53, org.springframework.security.web.authentication.AnonymousAuthenticationFilter@3f6fa2dd, org.springframework.security.web.session.SessionManagementFilter@1c63d92e, org.springframework.security.web.access.ExceptionTranslationFilter@6178b3bf, org.springframework.security.web.access.intercept.AuthorizationFilter@398f97ae]
2025-10-29T19:24:43.289Z  INFO 34712 --- [           main] o.s.b.a.h2.H2ConsoleAutoConfiguration    : H2 console available at '/h2-console'. Database available at 'jdbc:h2:mem:tournament_db'
2025-10-29T19:24:43.313Z  INFO 34712 --- [           main] c.t.c.GameControllerClassicTest          : Started GameControllerClassicTest in 1.106 seconds (process running for 13.123)
Hibernate: 
    select
        m1_0.id,
        m1_0.player1_id,
        m1_0.player2_id,
        m1_0.public_id,
        m1_0.result,
        m1_0.round,
        m1_0.tournament_id 
    from
        matches m1_0
Hibernate: 
    select
        p1_0.id,
        p1_0.join_date,
        p1_0.player_id,
        p1_0.public_id,
        p1_0.score,
        p1_0.tournament_id 
    from
        participations p1_0
Hibernate: 
    select
        t1_0.id,
        t1_0.current_players,
        t1_0.game_id,
        t1_0.max_players,
        t1_0.name,
        t1_0.organizer_id,
        t1_0.public_id 
    from
        tournaments t1_0
Hibernate: 
    select
        g1_0.id,
        g1_0.genre,
        g1_0.platform,
        g1_0.public_id,
        g1_0.title 
    from
        games g1_0
Hibernate: 
    select
        u1_0.id,
        u1_0.password,
        u1_0.public_id,
        u1_0.ranking,
        u1_0.role,
        u1_0.username 
    from
        users u1_0
Hibernate: 
    insert 
    into
        users
        (password,public_id,ranking,role,username,id) 
    values
        (?,?,?,?,?,default)
Hibernate: 
    insert 
    into
        users
        (password,public_id,ranking,role,username,id) 
    values
        (?,?,?,?,?,default)
Hibernate: 
    insert 
    into
        users
        (password,public_id,ranking,role,username,id) 
    values
        (?,?,?,?,?,default)
Hibernate: 
    insert 
    into
        users
        (password,public_id,ranking,role,username,id) 
    values
        (?,?,?,?,?,default)
Hibernate: 
    insert 
    into
        users
        (password,public_id,ranking,role,username,id) 
    values
        (?,?,?,?,?,default)
Hibernate: 
    insert 
    into
        users
        (password,public_id,ranking,role,username,id) 
    values
        (?,?,?,?,?,default)
Hibernate: 
    insert 
    into
        users
        (password,public_id,ranking,role,username,id) 
    values
        (?,?,?,?,?,default)
Hibernate: 
    insert 
    into
        users
        (password,public_id,ranking,role,username,id) 
    values
        (?,?,?,?,?,default)
Hibernate: 
    insert 
    into
        games
        (genre,platform,public_id,title,id) 
    values
        (?,?,?,?,default)
Hibernate: 
    insert 
    into
        games
        (genre,platform,public_id,title,id) 
    values
        (?,?,?,?,default)
Hibernate: 
    insert 
    into
        games
        (genre,platform,public_id,title,id) 
    values
        (?,?,?,?,default)
Hibernate: 
    insert 
    into
        games
        (genre,platform,public_id,title,id) 
    values
        (?,?,?,?,default)
Hibernate: 
    insert 
    into
        games
        (genre,platform,public_id,title,id) 
    values
        (?,?,?,?,default)
Hibernate: 
    insert 
    into
        tournaments
        (current_players,game_id,max_players,name,organizer_id,public_id,id) 
    values
        (?,?,?,?,?,?,default)
Hibernate: 
    insert 
    into
        tournaments
        (current_players,game_id,max_players,name,organizer_id,public_id,id) 
    values
        (?,?,?,?,?,?,default)
Hibernate: 
    insert 
    into
        tournaments
        (current_players,game_id,max_players,name,organizer_id,public_id,id) 
    values
        (?,?,?,?,?,?,default)
Hibernate: 
    insert 
    into
        participations
        (join_date,player_id,public_id,score,tournament_id,id) 
    values
        (?,?,?,?,?,default)
Hibernate: 
    insert 
    into
        participations
        (join_date,player_id,public_id,score,tournament_id,id) 
    values
        (?,?,?,?,?,default)
Hibernate: 
    insert 
    into
        participations
        (join_date,player_id,public_id,score,tournament_id,id) 
    values
        (?,?,?,?,?,default)
Hibernate: 
    insert 
    into
        participations
        (join_date,player_id,public_id,score,tournament_id,id) 
    values
        (?,?,?,?,?,default)
Hibernate: 
    insert 
    into
        participations
        (join_date,player_id,public_id,score,tournament_id,id) 
    values
        (?,?,?,?,?,default)
Hibernate: 
    insert 
    into
        participations
        (join_date,player_id,public_id,score,tournament_id,id) 
    values
        (?,?,?,?,?,default)
Hibernate: 
    insert 
    into
        participations
        (join_date,player_id,public_id,score,tournament_id,id) 
    values
        (?,?,?,?,?,default)
Hibernate: 
    insert 
    into
        participations
        (join_date,player_id,public_id,score,tournament_id,id) 
    values
        (?,?,?,?,?,default)
Hibernate: 
    insert 
    into
        participations
        (join_date,player_id,public_id,score,tournament_id,id) 
    values
        (?,?,?,?,?,default)
Hibernate: 
    insert 
    into
        participations
        (join_date,player_id,public_id,score,tournament_id,id) 
    values
        (?,?,?,?,?,default)
Hibernate: 
    insert 
    into
        participations
        (join_date,player_id,public_id,score,tournament_id,id) 
    values
        (?,?,?,?,?,default)
Hibernate: 
    insert 
    into
        matches
        (player1_id,player2_id,public_id,result,round,tournament_id,id) 
    values
        (?,?,?,?,?,?,default)
Hibernate: 
    insert 
    into
        matches
        (player1_id,player2_id,public_id,result,round,tournament_id,id) 
    values
        (?,?,?,?,?,?,default)
Hibernate: 
    insert 
    into
        matches
        (player1_id,player2_id,public_id,result,round,tournament_id,id) 
    values
        (?,?,?,?,?,?,default)
Hibernate: 
    insert 
    into
        matches
        (player1_id,player2_id,public_id,result,round,tournament_id,id) 
    values
        (?,?,?,?,?,?,default)
Hibernate: 
    insert 
    into
        matches
        (player1_id,player2_id,public_id,result,round,tournament_id,id) 
    values
        (?,?,?,?,?,?,default)
Hibernate: 
    insert 
    into
        matches
        (player1_id,player2_id,public_id,result,round,tournament_id,id) 
    values
        (?,?,?,?,?,?,default)
Hibernate: 
    insert 
    into
        matches
        (player1_id,player2_id,public_id,result,round,tournament_id,id) 
    values
        (?,?,?,?,?,?,default)
Hibernate: 
    insert 
    into
        matches
        (player1_id,player2_id,public_id,result,round,tournament_id,id) 
    values
        (?,?,?,?,?,?,default)
Dummy data loaded successfully!
Hibernate: 
    select
        count(*) 
    from
        users u1_0
Users created: 8
Hibernate: 
    select
        count(*) 
    from
        games g1_0
Games created: 5
Hibernate: 
    select
        count(*) 
    from
        tournaments t1_0
Tournaments created: 3
Hibernate: 
    select
        count(*) 
    from
        participations p1_0
Participations created: 11
Hibernate: 
    select
        count(*) 
    from
        matches m1_0
Matches created: 8
]]></system-out>
  </testcase>
</testsuite>